<?xml version="1.0" encoding="UTF-8"?>
<testng-results ignored="0" total="2" passed="2" failed="0" skipped="0">
  <reporter-output>
  </reporter-output>
  <suite started-at="2024-10-22T17:40:59 IST" name="Master Suite" finished-at="2024-10-22T17:41:19 IST" duration-ms="20108">
    <groups>
      <group name="Master">
        <method signature="TC001_AccountRegisteration.Account_Registeration_Test()[pri:0, instance:testCases.TC001_AccountRegisteration@4b41dd5c]" name="Account_Registeration_Test" class="testCases.TC001_AccountRegisteration"/>
        <method signature="TC002_LoginTest.Login_Test()[pri:0, instance:testCases.TC002_LoginTest@3899782c]" name="Login_Test" class="testCases.TC002_LoginTest"/>
      </group> <!-- Master -->
      <group name="Sanity">
        <method signature="TC002_LoginTest.Login_Test()[pri:0, instance:testCases.TC002_LoginTest@3899782c]" name="Login_Test" class="testCases.TC002_LoginTest"/>
      </group> <!-- Sanity -->
      <group name="Regression">
        <method signature="TC001_AccountRegisteration.Account_Registeration_Test()[pri:0, instance:testCases.TC001_AccountRegisteration@4b41dd5c]" name="Account_Registeration_Test" class="testCases.TC001_AccountRegisteration"/>
      </group> <!-- Regression -->
    </groups>
    <test started-at="2024-10-22T17:40:59 IST" name="Test" finished-at="2024-10-22T17:41:19 IST" duration-ms="20108">
      <class name="testCases.TC002_LoginTest">
        <test-method is-config="true" signature="Setup(java.lang.String,java.lang.String)[pri:0, instance:testCases.TC002_LoginTest@3899782c]" started-at="2024-10-22T17:41:12 IST" name="Setup" finished-at="2024-10-22T17:41:13 IST" duration-ms="1236" status="PASS">
          <params>
            <param index="0">
              <value>
                <![CDATA[windows]]>
              </value>
            </param>
            <param index="1">
              <value>
                <![CDATA[Chrome]]>
              </value>
            </param>
          </params>
          <reporter-output>
          </reporter-output>
        </test-method> <!-- Setup -->
        <test-method signature="Login_Test()[pri:0, instance:testCases.TC002_LoginTest@3899782c]" started-at="2024-10-22T17:41:13 IST" name="Login_Test" finished-at="2024-10-22T17:41:19 IST" duration-ms="5696" status="PASS">
          <reporter-output>
          </reporter-output>
        </test-method> <!-- Login_Test -->
        <test-method is-config="true" signature="teardown()[pri:0, instance:testCases.TC002_LoginTest@3899782c]" started-at="2024-10-22T17:41:19 IST" name="teardown" finished-at="2024-10-22T17:41:19 IST" duration-ms="208" status="PASS">
          <reporter-output>
          </reporter-output>
        </test-method> <!-- teardown -->
      </class> <!-- testCases.TC002_LoginTest -->
      <class name="testCases.TC001_AccountRegisteration">
        <test-method is-config="true" signature="Setup(java.lang.String,java.lang.String)[pri:0, instance:testCases.TC001_AccountRegisteration@4b41dd5c]" started-at="2024-10-22T17:40:59 IST" name="Setup" finished-at="2024-10-22T17:41:01 IST" duration-ms="1653" status="PASS">
          <params>
            <param index="0">
              <value>
                <![CDATA[windows]]>
              </value>
            </param>
            <param index="1">
              <value>
                <![CDATA[Chrome]]>
              </value>
            </param>
          </params>
          <reporter-output>
          </reporter-output>
        </test-method> <!-- Setup -->
        <test-method signature="Account_Registeration_Test()[pri:0, instance:testCases.TC001_AccountRegisteration@4b41dd5c]" started-at="2024-10-22T17:41:01 IST" name="Account_Registeration_Test" finished-at="2024-10-22T17:41:12 IST" duration-ms="11044" status="PASS">
          <reporter-output>
          </reporter-output>
        </test-method> <!-- Account_Registeration_Test -->
        <test-method is-config="true" signature="teardown()[pri:0, instance:testCases.TC001_AccountRegisteration@4b41dd5c]" started-at="2024-10-22T17:41:12 IST" name="teardown" finished-at="2024-10-22T17:41:12 IST" duration-ms="150" status="PASS">
          <reporter-output>
          </reporter-output>
        </test-method> <!-- teardown -->
      </class> <!-- testCases.TC001_AccountRegisteration -->
    </test> <!-- Test -->
  </suite> <!-- Master Suite -->
</testng-results>
