<?xml version="1.0" encoding="UTF-8"?>
<testng-results ignored="0" total="2" passed="2" failed="0" skipped="0">
  <reporter-output>
  </reporter-output>
  <suite started-at="2024-10-24T20:57:00 IST" name="Master Suite" finished-at="2024-10-24T20:57:24 IST" duration-ms="23619">
    <groups>
      <group name="Master">
        <method signature="TC001_AccountRegisteration.Account_Registeration_Test()[pri:0, instance:testCases.TC001_AccountRegisteration@5a2d131d]" name="Account_Registeration_Test" class="testCases.TC001_AccountRegisteration"/>
        <method signature="TC002_LoginTest.Login_Test()[pri:0, instance:testCases.TC002_LoginTest@1800a575]" name="Login_Test" class="testCases.TC002_LoginTest"/>
      </group> <!-- Master -->
      <group name="Sanity">
        <method signature="TC002_LoginTest.Login_Test()[pri:0, instance:testCases.TC002_LoginTest@1800a575]" name="Login_Test" class="testCases.TC002_LoginTest"/>
      </group> <!-- Sanity -->
      <group name="Regression">
        <method signature="TC001_AccountRegisteration.Account_Registeration_Test()[pri:0, instance:testCases.TC001_AccountRegisteration@5a2d131d]" name="Account_Registeration_Test" class="testCases.TC001_AccountRegisteration"/>
      </group> <!-- Regression -->
    </groups>
    <test started-at="2024-10-24T20:57:00 IST" name="Test" finished-at="2024-10-24T20:57:24 IST" duration-ms="23619">
      <class name="testCases.TC002_LoginTest">
        <test-method is-config="true" signature="Setup(java.lang.String,java.lang.String)[pri:0, instance:testCases.TC002_LoginTest@1800a575]" started-at="2024-10-24T20:57:16 IST" name="Setup" finished-at="2024-10-24T20:57:18 IST" duration-ms="1986" status="PASS">
          <params>
            <param index="0">
              <value>
                <![CDATA[windows]]>
              </value>
            </param>
            <param index="1">
              <value>
                <![CDATA[Chrome]]>
              </value>
            </param>
          </params>
          <reporter-output>
          </reporter-output>
        </test-method> <!-- Setup -->
        <test-method signature="Login_Test()[pri:0, instance:testCases.TC002_LoginTest@1800a575]" started-at="2024-10-24T20:57:18 IST" name="Login_Test" finished-at="2024-10-24T20:57:24 IST" duration-ms="5669" status="PASS">
          <reporter-output>
          </reporter-output>
        </test-method> <!-- Login_Test -->
        <test-method is-config="true" signature="teardown()[pri:0, instance:testCases.TC002_LoginTest@1800a575]" started-at="2024-10-24T20:57:24 IST" name="teardown" finished-at="2024-10-24T20:57:24 IST" duration-ms="254" status="PASS">
          <reporter-output>
          </reporter-output>
        </test-method> <!-- teardown -->
      </class> <!-- testCases.TC002_LoginTest -->
      <class name="testCases.TC001_AccountRegisteration">
        <test-method is-config="true" signature="Setup(java.lang.String,java.lang.String)[pri:0, instance:testCases.TC001_AccountRegisteration@5a2d131d]" started-at="2024-10-24T20:57:00 IST" name="Setup" finished-at="2024-10-24T20:57:04 IST" duration-ms="3147" status="PASS">
          <params>
            <param index="0">
              <value>
                <![CDATA[windows]]>
              </value>
            </param>
            <param index="1">
              <value>
                <![CDATA[Chrome]]>
              </value>
            </param>
          </params>
          <reporter-output>
          </reporter-output>
        </test-method> <!-- Setup -->
        <test-method signature="Account_Registeration_Test()[pri:0, instance:testCases.TC001_AccountRegisteration@5a2d131d]" started-at="2024-10-24T20:57:04 IST" name="Account_Registeration_Test" finished-at="2024-10-24T20:57:15 IST" duration-ms="11385" status="PASS">
          <reporter-output>
          </reporter-output>
        </test-method> <!-- Account_Registeration_Test -->
        <test-method is-config="true" signature="teardown()[pri:0, instance:testCases.TC001_AccountRegisteration@5a2d131d]" started-at="2024-10-24T20:57:15 IST" name="teardown" finished-at="2024-10-24T20:57:16 IST" duration-ms="1032" status="PASS">
          <reporter-output>
          </reporter-output>
        </test-method> <!-- teardown -->
      </class> <!-- testCases.TC001_AccountRegisteration -->
    </test> <!-- Test -->
  </suite> <!-- Master Suite -->
</testng-results>
