<?xml version="1.0" encoding="UTF-8"?>
<testng-results ignored="0" total="1" passed="1" failed="0" skipped="0">
  <reporter-output>
  </reporter-output>
  <suite started-at="2024-10-29T14:36:27 IST" name="Master Suite" finished-at="2024-10-29T14:36:50 IST" duration-ms="22117">
    <groups>
    </groups>
    <test started-at="2024-10-29T14:36:27 IST" name="Test" finished-at="2024-10-29T14:36:50 IST" duration-ms="22117">
      <class name="testCases.TC007_ShopingCartTest">
        <test-method is-config="true" signature="Setup(java.lang.String,java.lang.String)[pri:0, instance:testCases.TC007_ShopingCartTest@2783717b]" started-at="2024-10-29T14:36:28 IST" name="Setup" finished-at="2024-10-29T14:36:34 IST" duration-ms="6821" status="PASS">
          <params>
            <param index="0">
              <value>
                <![CDATA[windows]]>
              </value>
            </param>
            <param index="1">
              <value>
                <![CDATA[Chrome]]>
              </value>
            </param>
          </params>
          <reporter-output>
          </reporter-output>
        </test-method> <!-- Setup -->
        <test-method signature="ShoppingCartTest()[pri:0, instance:testCases.TC007_ShopingCartTest@2783717b]" started-at="2024-10-29T14:36:34 IST" name="ShoppingCartTest" finished-at="2024-10-29T14:36:47 IST" duration-ms="12856" status="PASS">
          <reporter-output>
          </reporter-output>
        </test-method> <!-- ShoppingCartTest -->
        <test-method is-config="true" signature="teardown()[pri:0, instance:testCases.TC007_ShopingCartTest@2783717b]" started-at="2024-10-29T14:36:47 IST" name="teardown" finished-at="2024-10-29T14:36:50 IST" duration-ms="2150" status="PASS">
          <reporter-output>
          </reporter-output>
        </test-method> <!-- teardown -->
      </class> <!-- testCases.TC007_ShopingCartTest -->
    </test> <!-- Test -->
  </suite> <!-- Master Suite -->
</testng-results>
